0 info it worked if it ends with ok
1 verbose cli [ '/Users/bland/.nvm/versions/node/v5.3.0/bin/node',
1 verbose cli   '/Users/bland/.nvm/versions/node/v5.3.0/bin/npm',
1 verbose cli   'run',
1 verbose cli   'dev' ]
2 info using npm@3.3.12
3 info using node@v5.3.0
4 verbose run-script [ 'predev', 'dev', 'postdev' ]
5 info lifecycle BrianBland.Me@0.0.0~predev: BrianBland.Me@0.0.0
6 verbose lifecycle BrianBland.Me@0.0.0~predev: unsafe-perm in lifecycle true
7 verbose lifecycle BrianBland.Me@0.0.0~predev: PATH: /Users/bland/.nvm/versions/node/v5.3.0/lib/node_modules/npm/bin/node-gyp-bin:/Users/bland/Projects/BrianBland.me/node_modules/.bin:/Users/bland/.nvm/versions/node/v5.3.0/bin:/usr/bin:/bin:/usr/sbin:/sbin:/usr/local/bin:/usr/local/go/bin:/usr/local/go/bin
8 verbose lifecycle BrianBland.Me@0.0.0~predev: CWD: /Users/bland/Projects/BrianBland.me
9 silly lifecycle BrianBland.Me@0.0.0~predev: Args: [ '-c',
9 silly lifecycle   'ps -ef | grep gulp | grep -v grep | awk \'{print $2}\' | xargs kill -9' ]
10 silly lifecycle BrianBland.Me@0.0.0~predev: Returned: code: 0  signal: null
11 info lifecycle BrianBland.Me@0.0.0~dev: BrianBland.Me@0.0.0
12 verbose lifecycle BrianBland.Me@0.0.0~dev: unsafe-perm in lifecycle true
13 verbose lifecycle BrianBland.Me@0.0.0~dev: PATH: /Users/bland/.nvm/versions/node/v5.3.0/lib/node_modules/npm/bin/node-gyp-bin:/Users/bland/Projects/BrianBland.me/node_modules/.bin:/Users/bland/.nvm/versions/node/v5.3.0/bin:/usr/bin:/bin:/usr/sbin:/sbin:/usr/local/bin:/usr/local/go/bin:/usr/local/go/bin
14 verbose lifecycle BrianBland.Me@0.0.0~dev: CWD: /Users/bland/Projects/BrianBland.me
15 silly lifecycle BrianBland.Me@0.0.0~dev: Args: [ '-c', 'gulp build:sync' ]
16 silly lifecycle BrianBland.Me@0.0.0~dev: Returned: code: 1  signal: null
17 info lifecycle BrianBland.Me@0.0.0~dev: Failed to exec dev script
18 verbose stack Error: BrianBland.Me@0.0.0 dev: `gulp build:sync`
18 verbose stack Exit status 1
18 verbose stack     at EventEmitter.<anonymous> (/Users/bland/.nvm/versions/node/v5.3.0/lib/node_modules/npm/lib/utils/lifecycle.js:232:16)
18 verbose stack     at emitTwo (events.js:87:13)
18 verbose stack     at EventEmitter.emit (events.js:172:7)
18 verbose stack     at ChildProcess.<anonymous> (/Users/bland/.nvm/versions/node/v5.3.0/lib/node_modules/npm/lib/utils/spawn.js:24:14)
18 verbose stack     at emitTwo (events.js:87:13)
18 verbose stack     at ChildProcess.emit (events.js:172:7)
18 verbose stack     at maybeClose (internal/child_process.js:818:16)
18 verbose stack     at Process.ChildProcess._handle.onexit (internal/child_process.js:211:5)
19 verbose pkgid BrianBland.Me@0.0.0
20 verbose cwd /Users/bland/Projects/BrianBland.me
21 error Darwin 15.2.0
22 error argv "/Users/bland/.nvm/versions/node/v5.3.0/bin/node" "/Users/bland/.nvm/versions/node/v5.3.0/bin/npm" "run" "dev"
23 error node v5.3.0
24 error npm  v3.3.12
25 error code ELIFECYCLE
26 error BrianBland.Me@0.0.0 dev: `gulp build:sync`
26 error Exit status 1
27 error Failed at the BrianBland.Me@0.0.0 dev script 'gulp build:sync'.
27 error Make sure you have the latest version of node.js and npm installed.
27 error If you do, this is most likely a problem with the BrianBland.Me package,
27 error not with npm itself.
27 error Tell the author that this fails on your system:
27 error     gulp build:sync
27 error You can get their info via:
27 error     npm owner ls BrianBland.Me
27 error There is likely additional logging output above.
28 verbose exit [ 1, true ]
